
==================================================
异步处理开始时间: 2025-03-08 14:43:23
待处理段落数: 5/5
最大并发数: 3
==================================================

完成 1/5 长度 316 用时 22.62s
完成 3/5 长度 137 用时 30.32s
完成 2/5 长度 247 用时 32.42s
完成 4/5 长度 360 用时 26.71s
完成 5/5 长度 301 用时 23.50s

==================================================
处理结束时间: 2025-03-08 14:44:17
已处理段落数、字数: 5/5, 1396/1361
未处理段落数: 0/5
==================================================


==================================================
异步处理开始时间: 2025-03-08 14:46:24
待处理段落数: 0/5
最大并发数: 3
==================================================

